# This is the CMakeCache file.
# For build in directory: /home/runner/work/onnx/onnx/.setuptools-cmake-build
# It was generated by CMake: /usr/local/bin/cmake
# You can edit this file to change values found and used by cmake.
# If you do not want to change any of the values, simply exit the editor.
# If you do want to change a value, simply edit, save, and exit the editor.
# The syntax for the file is as follows:
# KEY:TYPE=VALUE
# KEY is the name of a variable in the cache.
# TYPE is a hint to GUIs for the type of VALUE, DO NOT EDIT TYPE!.
# VALUE is the current value for the KEY.

########################
# EXTERNAL cache entries
########################

//Path to a program.
CMAKE_ADDR2LINE:FILEPATH=/usr/bin/addr2line

//Path to a program.
CMAKE_AR:FILEPATH=/usr/bin/ar

//Choose the type of build, options are: None Debug Release RelWithDebInfo
// MinSizeRel ...
CMAKE_BUILD_TYPE:STRING=Release

//Enable/Disable color output during build.
CMAKE_COLOR_MAKEFILE:BOOL=ON

//CXX compiler
CMAKE_CXX_COMPILER:FILEPATH=/usr/bin/c++

//A wrapper around 'ar' adding the appropriate '--plugin' option
// for the GCC compiler
CMAKE_CXX_COMPILER_AR:FILEPATH=/usr/bin/gcc-ar-13

//A wrapper around 'ranlib' adding the appropriate '--plugin' option
// for the GCC compiler
CMAKE_CXX_COMPILER_RANLIB:FILEPATH=/usr/bin/gcc-ranlib-13

//Flags used by the CXX compiler during all build types.
CMAKE_CXX_FLAGS:STRING=

//Flags used by the CXX compiler during DEBUG builds.
CMAKE_CXX_FLAGS_DEBUG:STRING=-g

//Flags used by the CXX compiler during MINSIZEREL builds.
CMAKE_CXX_FLAGS_MINSIZEREL:STRING=-Os -DNDEBUG

//Flags used by the CXX compiler during RELEASE builds.
CMAKE_CXX_FLAGS_RELEASE:STRING=-O3 -DNDEBUG

//Flags used by the CXX compiler during RELWITHDEBINFO builds.
CMAKE_CXX_FLAGS_RELWITHDEBINFO:STRING=-O2 -g -DNDEBUG

//Path to a program.
CMAKE_DLLTOOL:FILEPATH=CMAKE_DLLTOOL-NOTFOUND

//Flags used by the linker during all build types.
CMAKE_EXE_LINKER_FLAGS:STRING=

//Flags used by the linker during DEBUG builds.
CMAKE_EXE_LINKER_FLAGS_DEBUG:STRING=

//Flags used by the linker during MINSIZEREL builds.
CMAKE_EXE_LINKER_FLAGS_MINSIZEREL:STRING=

//Flags used by the linker during RELEASE builds.
CMAKE_EXE_LINKER_FLAGS_RELEASE:STRING=

//Flags used by the linker during RELWITHDEBINFO builds.
CMAKE_EXE_LINKER_FLAGS_RELWITHDEBINFO:STRING=

//Enable/Disable output of compile commands during generation.
CMAKE_EXPORT_COMPILE_COMMANDS:BOOL=

//Value Computed by CMake.
CMAKE_FIND_PACKAGE_REDIRECTS_DIR:STATIC=/home/runner/work/onnx/onnx/.setuptools-cmake-build/CMakeFiles/pkgRedirects

//User executables (bin)
CMAKE_INSTALL_BINDIR:PATH=bin

//Read-only architecture-independent data (DATAROOTDIR)
CMAKE_INSTALL_DATADIR:PATH=

//Read-only architecture-independent data root (share)
CMAKE_INSTALL_DATAROOTDIR:PATH=share

//Documentation root (DATAROOTDIR/doc/PROJECT_NAME)
CMAKE_INSTALL_DOCDIR:PATH=

//C header files (include)
CMAKE_INSTALL_INCLUDEDIR:PATH=include

//Info documentation (DATAROOTDIR/info)
CMAKE_INSTALL_INFODIR:PATH=

//Object code libraries (lib)
CMAKE_INSTALL_LIBDIR:PATH=lib

//Program executables (libexec)
CMAKE_INSTALL_LIBEXECDIR:PATH=libexec

//Locale-dependent data (DATAROOTDIR/locale)
CMAKE_INSTALL_LOCALEDIR:PATH=

//Modifiable single-machine data (var)
CMAKE_INSTALL_LOCALSTATEDIR:PATH=var

//Man documentation (DATAROOTDIR/man)
CMAKE_INSTALL_MANDIR:PATH=

//C header files for non-gcc (/usr/include)
CMAKE_INSTALL_OLDINCLUDEDIR:PATH=/usr/include

//Install path prefix, prepended onto install directories.
CMAKE_INSTALL_PREFIX:PATH=/usr/local

//Run-time variable data (LOCALSTATEDIR/run)
CMAKE_INSTALL_RUNSTATEDIR:PATH=

//System admin executables (sbin)
CMAKE_INSTALL_SBINDIR:PATH=sbin

//Modifiable architecture-independent data (com)
CMAKE_INSTALL_SHAREDSTATEDIR:PATH=com

//Read-only single-machine data (etc)
CMAKE_INSTALL_SYSCONFDIR:PATH=etc

//Path to a program.
CMAKE_LINKER:FILEPATH=/usr/bin/ld

//Path to a program.
CMAKE_MAKE_PROGRAM:FILEPATH=/usr/bin/gmake

//Flags used by the linker during the creation of modules during
// all build types.
CMAKE_MODULE_LINKER_FLAGS:STRING=

//Flags used by the linker during the creation of modules during
// DEBUG builds.
CMAKE_MODULE_LINKER_FLAGS_DEBUG:STRING=

//Flags used by the linker during the creation of modules during
// MINSIZEREL builds.
CMAKE_MODULE_LINKER_FLAGS_MINSIZEREL:STRING=

//Flags used by the linker during the creation of modules during
// RELEASE builds.
CMAKE_MODULE_LINKER_FLAGS_RELEASE:STRING=

//Flags used by the linker during the creation of modules during
// RELWITHDEBINFO builds.
CMAKE_MODULE_LINKER_FLAGS_RELWITHDEBINFO:STRING=

//Path to a program.
CMAKE_NM:FILEPATH=/usr/bin/nm

//Path to a program.
CMAKE_OBJCOPY:FILEPATH=/usr/bin/objcopy

//Path to a program.
CMAKE_OBJDUMP:FILEPATH=/usr/bin/objdump

//Value Computed by CMake
CMAKE_PROJECT_DESCRIPTION:STATIC=

//Value Computed by CMake
CMAKE_PROJECT_HOMEPAGE_URL:STATIC=

//Value Computed by CMake
CMAKE_PROJECT_NAME:STATIC=onnx

//Value Computed by CMake
CMAKE_PROJECT_VERSION:STATIC=2.13.6

//Value Computed by CMake
CMAKE_PROJECT_VERSION_MAJOR:STATIC=2

//Value Computed by CMake
CMAKE_PROJECT_VERSION_MINOR:STATIC=13

//Value Computed by CMake
CMAKE_PROJECT_VERSION_PATCH:STATIC=6

//Value Computed by CMake
CMAKE_PROJECT_VERSION_TWEAK:STATIC=

//Path to a program.
CMAKE_RANLIB:FILEPATH=/usr/bin/ranlib

//Path to a program.
CMAKE_READELF:FILEPATH=/usr/bin/readelf

//Flags used by the linker during the creation of shared libraries
// during all build types.
CMAKE_SHARED_LINKER_FLAGS:STRING=

//Flags used by the linker during the creation of shared libraries
// during DEBUG builds.
CMAKE_SHARED_LINKER_FLAGS_DEBUG:STRING=

//Flags used by the linker during the creation of shared libraries
// during MINSIZEREL builds.
CMAKE_SHARED_LINKER_FLAGS_MINSIZEREL:STRING=

//Flags used by the linker during the creation of shared libraries
// during RELEASE builds.
CMAKE_SHARED_LINKER_FLAGS_RELEASE:STRING=

//Flags used by the linker during the creation of shared libraries
// during RELWITHDEBINFO builds.
CMAKE_SHARED_LINKER_FLAGS_RELWITHDEBINFO:STRING=

//If set, runtime paths are not added when installing shared libraries,
// but are added when building.
CMAKE_SKIP_INSTALL_RPATH:BOOL=NO

//If set, runtime paths are not added when using shared libraries.
CMAKE_SKIP_RPATH:BOOL=NO

//Flags used by the linker during the creation of static libraries
// during all build types.
CMAKE_STATIC_LINKER_FLAGS:STRING=

//Flags used by the linker during the creation of static libraries
// during DEBUG builds.
CMAKE_STATIC_LINKER_FLAGS_DEBUG:STRING=

//Flags used by the linker during the creation of static libraries
// during MINSIZEREL builds.
CMAKE_STATIC_LINKER_FLAGS_MINSIZEREL:STRING=

//Flags used by the linker during the creation of static libraries
// during RELEASE builds.
CMAKE_STATIC_LINKER_FLAGS_RELEASE:STRING=

//Flags used by the linker during the creation of static libraries
// during RELWITHDEBINFO builds.
CMAKE_STATIC_LINKER_FLAGS_RELWITHDEBINFO:STRING=

//Path to a program.
CMAKE_STRIP:FILEPATH=/usr/bin/strip

//Path to a program.
CMAKE_TAPI:FILEPATH=CMAKE_TAPI-NOTFOUND

//If this value is on, makefiles will be generated without the
// .SILENT directive, and all commands will be echoed to the console
// during the make.  This is useful for debugging only. With Visual
// Studio IDE projects all commands are done without /nologo.
CMAKE_VERBOSE_MAKEFILE:BOOL=FALSE

//Directory under which to collect all populated content
FETCHCONTENT_BASE_DIR:PATH=/home/runner/work/onnx/onnx/.setuptools-cmake-build/_deps

//Disables all attempts to download or update content and assumes
// source dirs already exist
FETCHCONTENT_FULLY_DISCONNECTED:BOOL=OFF

//Enables QUIET option for all content population
FETCHCONTENT_QUIET:BOOL=ON

//When not empty, overrides where to find pre-populated content
// for pybind11
FETCHCONTENT_SOURCE_DIR_PYBIND11:PATH=

//Enables UPDATE_DISCONNECTED behavior for all content population
FETCHCONTENT_UPDATES_DISCONNECTED:BOOL=OFF

//Enables UPDATE_DISCONNECTED behavior just for population of pybind11
FETCHCONTENT_UPDATES_DISCONNECTED_PYBIND11:BOOL=OFF

//Build and use ONNX's own protobuf
ONNX_BUILD_CUSTOM_PROTOBUF:BOOL=OFF

//Build Python binaries
ONNX_BUILD_PYTHON:BOOL=ON

//Build ONNX C++ APIs Tests
ONNX_BUILD_TESTS:BOOL=OFF

//Build with coverage instrumentation
ONNX_COVERAGE:BOOL=OFF

//Disable exception handling.
ONNX_DISABLE_EXCEPTIONS:BOOL=OFF

//Disable static registration for ONNX operator schemas.
ONNX_DISABLE_STATIC_REGISTRATION:BOOL=OFF

//Generate protobuf python type stubs
ONNX_GEN_PB_TYPE_STUBS:BOOL=ON

//No help, variable specified on the command line.
ONNX_ML:UNINITIALIZED=1

//No help, variable specified on the command line.
ONNX_NAMESPACE:UNINITIALIZED=onnx

//Build ONNX with ASAN
ONNX_USE_ASAN:BOOL=OFF

//Use lite protobuf instead of full.
ONNX_USE_LITE_PROTO:BOOL=OFF

//Build ONNX using protobuf shared library.
ONNX_USE_PROTOBUF_SHARED_LIBS:BOOL=OFF

//Enable Unity (Jumbo) build for
ONNX_USE_UNITY_BUILD:BOOL=OFF

//Generate code by proto3
ONNX_VERIFY_PROTO3:BOOL=OFF

//Build with Werror
ONNX_WERROR:BOOL=OFF

//To enforce that a handle_type_name<> specialization exists
PYBIND11_DISABLE_HANDLE_TYPE_NAME_DEFAULT_IMPLEMENTATION:BOOL=OFF

//Force new FindPython
PYBIND11_FINDPYTHON:BOOL=OFF

//Install pybind11 header files?
PYBIND11_INSTALL:BOOL=OFF

//Override the ABI version, may be used to enable the unstable
// ABI.
PYBIND11_INTERNALS_VERSION:STRING=

//Disable search for Python
PYBIND11_NOPYTHON:BOOL=OFF

//Disable NumPy 2 support to avoid changes to previous pybind11
// versions.
PYBIND11_NUMPY_1_ONLY:BOOL=OFF

//Overwrite cached values read from Python library (classic search).
// Turn off if cross-compiling and manually setting these values.
PYBIND11_PYTHONLIBS_OVERWRITE:BOOL=ON

//Python version to use for compiling modules
PYBIND11_PYTHON_VERSION:STRING=

//Use simpler GIL management logic that does not support disassociation
PYBIND11_SIMPLE_GIL_MANAGEMENT:BOOL=OFF

//Build pybind11 test suite?
PYBIND11_TEST:BOOL=OFF

//Respect CMAKE_CROSSCOMPILING
PYBIND11_USE_CROSSCOMPILING:BOOL=OFF

//Path to a program.
PYTHON_EXECUTABLE:FILEPATH=/opt/hostedtoolcache/Python/3.11.13/x64/python

//Path to a library.
PYTHON_LIBRARY:FILEPATH=/opt/hostedtoolcache/Python/3.11.13/x64/lib/libpython3.11.so

//Path to a file.
Protobuf_INCLUDE_DIR:PATH=/usr/include

//Path to a library.
Protobuf_LIBRARY:FILEPATH=Protobuf_LIBRARY-NOTFOUND

//Path to a library.
Protobuf_LIBRARY_DEBUG:FILEPATH=/usr/lib/x86_64-linux-gnu/libprotobuf.a

//Path to a library.
Protobuf_LIBRARY_RELEASE:FILEPATH=/usr/lib/x86_64-linux-gnu/libprotobuf.a

//Path to a library.
Protobuf_LITE_LIBRARY_DEBUG:FILEPATH=/usr/lib/x86_64-linux-gnu/libprotobuf-lite.a

//Path to a library.
Protobuf_LITE_LIBRARY_RELEASE:FILEPATH=/usr/lib/x86_64-linux-gnu/libprotobuf-lite.a

//The Google Protocol Buffers Compiler
Protobuf_PROTOC_EXECUTABLE:FILEPATH=/usr/bin/protoc

//Path to a library.
Protobuf_PROTOC_LIBRARY:FILEPATH=Protobuf_PROTOC_LIBRARY-NOTFOUND

//Path to a library.
Protobuf_PROTOC_LIBRARY_DEBUG:FILEPATH=/usr/lib/x86_64-linux-gnu/libprotoc.a

//Path to a library.
Protobuf_PROTOC_LIBRARY_RELEASE:FILEPATH=/usr/lib/x86_64-linux-gnu/libprotoc.a

//No help, variable specified on the command line.
Python3_EXECUTABLE:UNINITIALIZED=/opt/hostedtoolcache/Python/3.11.13/x64/bin/python3

//The directory containing a CMake configuration file for absl.
absl_DIR:PATH=/usr/lib/x86_64-linux-gnu/cmake/absl

//Value Computed by CMake
onnx_BINARY_DIR:STATIC=/home/runner/work/onnx/onnx/.setuptools-cmake-build

//Value Computed by CMake
onnx_IS_TOP_LEVEL:STATIC=ON

//Value Computed by CMake
onnx_SOURCE_DIR:STATIC=/home/runner/work/onnx/onnx

//Value Computed by CMake
pybind11_BINARY_DIR:STATIC=/home/runner/work/onnx/onnx/.setuptools-cmake-build/_deps/pybind11-build

//The directory containing a CMake configuration file for pybind11.
pybind11_DIR:PATH=pybind11_DIR-NOTFOUND

//Value Computed by CMake
pybind11_IS_TOP_LEVEL:STATIC=OFF

//Value Computed by CMake
pybind11_SOURCE_DIR:STATIC=/home/runner/work/onnx/onnx/.setuptools-cmake-build/_deps/pybind11-src

//The directory containing a CMake configuration file for utf8_range.
utf8_range_DIR:PATH=/usr/lib/x86_64-linux-gnu/cmake/utf8_range


########################
# INTERNAL cache entries
########################

//ADVANCED property for variable: CMAKE_ADDR2LINE
CMAKE_ADDR2LINE-ADVANCED:INTERNAL=1
//ADVANCED property for variable: CMAKE_AR
CMAKE_AR-ADVANCED:INTERNAL=1
//This is the directory where this CMakeCache.txt was created
CMAKE_CACHEFILE_DIR:INTERNAL=/home/runner/work/onnx/onnx/.setuptools-cmake-build
//Major version of cmake used to create the current loaded cache
CMAKE_CACHE_MAJOR_VERSION:INTERNAL=3
//Minor version of cmake used to create the current loaded cache
CMAKE_CACHE_MINOR_VERSION:INTERNAL=31
//Patch version of cmake used to create the current loaded cache
CMAKE_CACHE_PATCH_VERSION:INTERNAL=6
//ADVANCED property for variable: CMAKE_COLOR_MAKEFILE
CMAKE_COLOR_MAKEFILE-ADVANCED:INTERNAL=1
//Path to CMake executable.
CMAKE_COMMAND:INTERNAL=/usr/local/bin/cmake
//Path to cpack program executable.
CMAKE_CPACK_COMMAND:INTERNAL=/usr/local/bin/cpack
//Path to ctest program executable.
CMAKE_CTEST_COMMAND:INTERNAL=/usr/local/bin/ctest
//ADVANCED property for variable: CMAKE_CXX_COMPILER
CMAKE_CXX_COMPILER-ADVANCED:INTERNAL=1
//ADVANCED property for variable: CMAKE_CXX_COMPILER_AR
CMAKE_CXX_COMPILER_AR-ADVANCED:INTERNAL=1
//ADVANCED property for variable: CMAKE_CXX_COMPILER_RANLIB
CMAKE_CXX_COMPILER_RANLIB-ADVANCED:INTERNAL=1
//ADVANCED property for variable: CMAKE_CXX_FLAGS
CMAKE_CXX_FLAGS-ADVANCED:INTERNAL=1
//ADVANCED property for variable: CMAKE_CXX_FLAGS_DEBUG
CMAKE_CXX_FLAGS_DEBUG-ADVANCED:INTERNAL=1
//ADVANCED property for variable: CMAKE_CXX_FLAGS_MINSIZEREL
CMAKE_CXX_FLAGS_MINSIZEREL-ADVANCED:INTERNAL=1
//ADVANCED property for variable: CMAKE_CXX_FLAGS_RELEASE
CMAKE_CXX_FLAGS_RELEASE-ADVANCED:INTERNAL=1
//ADVANCED property for variable: CMAKE_CXX_FLAGS_RELWITHDEBINFO
CMAKE_CXX_FLAGS_RELWITHDEBINFO-ADVANCED:INTERNAL=1
//ADVANCED property for variable: CMAKE_DLLTOOL
CMAKE_DLLTOOL-ADVANCED:INTERNAL=1
//Path to cache edit program executable.
CMAKE_EDIT_COMMAND:INTERNAL=/usr/local/bin/ccmake
//Executable file format
CMAKE_EXECUTABLE_FORMAT:INTERNAL=ELF
//ADVANCED property for variable: CMAKE_EXE_LINKER_FLAGS
CMAKE_EXE_LINKER_FLAGS-ADVANCED:INTERNAL=1
//ADVANCED property for variable: CMAKE_EXE_LINKER_FLAGS_DEBUG
CMAKE_EXE_LINKER_FLAGS_DEBUG-ADVANCED:INTERNAL=1
//ADVANCED property for variable: CMAKE_EXE_LINKER_FLAGS_MINSIZEREL
CMAKE_EXE_LINKER_FLAGS_MINSIZEREL-ADVANCED:INTERNAL=1
//ADVANCED property for variable: CMAKE_EXE_LINKER_FLAGS_RELEASE
CMAKE_EXE_LINKER_FLAGS_RELEASE-ADVANCED:INTERNAL=1
//ADVANCED property for variable: CMAKE_EXE_LINKER_FLAGS_RELWITHDEBINFO
CMAKE_EXE_LINKER_FLAGS_RELWITHDEBINFO-ADVANCED:INTERNAL=1
//ADVANCED property for variable: CMAKE_EXPORT_COMPILE_COMMANDS
CMAKE_EXPORT_COMPILE_COMMANDS-ADVANCED:INTERNAL=1
//Name of external makefile project generator.
CMAKE_EXTRA_GENERATOR:INTERNAL=
//Name of generator.
CMAKE_GENERATOR:INTERNAL=Unix Makefiles
//Generator instance identifier.
CMAKE_GENERATOR_INSTANCE:INTERNAL=
//Name of generator platform.
CMAKE_GENERATOR_PLATFORM:INTERNAL=
//Name of generator toolset.
CMAKE_GENERATOR_TOOLSET:INTERNAL=
//Test CMAKE_HAVE_LIBC_PTHREAD
CMAKE_HAVE_LIBC_PTHREAD:INTERNAL=1
//Source directory with the top level CMakeLists.txt file for this
// project
CMAKE_HOME_DIRECTORY:INTERNAL=/home/runner/work/onnx/onnx
//ADVANCED property for variable: CMAKE_INSTALL_BINDIR
CMAKE_INSTALL_BINDIR-ADVANCED:INTERNAL=1
//ADVANCED property for variable: CMAKE_INSTALL_DATADIR
CMAKE_INSTALL_DATADIR-ADVANCED:INTERNAL=1
//ADVANCED property for variable: CMAKE_INSTALL_DATAROOTDIR
CMAKE_INSTALL_DATAROOTDIR-ADVANCED:INTERNAL=1
//ADVANCED property for variable: CMAKE_INSTALL_DOCDIR
CMAKE_INSTALL_DOCDIR-ADVANCED:INTERNAL=1
//ADVANCED property for variable: CMAKE_INSTALL_INCLUDEDIR
CMAKE_INSTALL_INCLUDEDIR-ADVANCED:INTERNAL=1
//ADVANCED property for variable: CMAKE_INSTALL_INFODIR
CMAKE_INSTALL_INFODIR-ADVANCED:INTERNAL=1
//ADVANCED property for variable: CMAKE_INSTALL_LIBDIR
CMAKE_INSTALL_LIBDIR-ADVANCED:INTERNAL=1
//ADVANCED property for variable: CMAKE_INSTALL_LIBEXECDIR
CMAKE_INSTALL_LIBEXECDIR-ADVANCED:INTERNAL=1
//ADVANCED property for variable: CMAKE_INSTALL_LOCALEDIR
CMAKE_INSTALL_LOCALEDIR-ADVANCED:INTERNAL=1
//ADVANCED property for variable: CMAKE_INSTALL_LOCALSTATEDIR
CMAKE_INSTALL_LOCALSTATEDIR-ADVANCED:INTERNAL=1
//ADVANCED property for variable: CMAKE_INSTALL_MANDIR
CMAKE_INSTALL_MANDIR-ADVANCED:INTERNAL=1
//ADVANCED property for variable: CMAKE_INSTALL_OLDINCLUDEDIR
CMAKE_INSTALL_OLDINCLUDEDIR-ADVANCED:INTERNAL=1
//ADVANCED property for variable: CMAKE_INSTALL_RUNSTATEDIR
CMAKE_INSTALL_RUNSTATEDIR-ADVANCED:INTERNAL=1
//ADVANCED property for variable: CMAKE_INSTALL_SBINDIR
CMAKE_INSTALL_SBINDIR-ADVANCED:INTERNAL=1
//ADVANCED property for variable: CMAKE_INSTALL_SHAREDSTATEDIR
CMAKE_INSTALL_SHAREDSTATEDIR-ADVANCED:INTERNAL=1
//Install .so files without execute permission.
CMAKE_INSTALL_SO_NO_EXE:INTERNAL=1
//ADVANCED property for variable: CMAKE_INSTALL_SYSCONFDIR
CMAKE_INSTALL_SYSCONFDIR-ADVANCED:INTERNAL=1
//ADVANCED property for variable: CMAKE_LINKER
CMAKE_LINKER-ADVANCED:INTERNAL=1
//ADVANCED property for variable: CMAKE_MAKE_PROGRAM
CMAKE_MAKE_PROGRAM-ADVANCED:INTERNAL=1
//ADVANCED property for variable: CMAKE_MODULE_LINKER_FLAGS
CMAKE_MODULE_LINKER_FLAGS-ADVANCED:INTERNAL=1
//ADVANCED property for variable: CMAKE_MODULE_LINKER_FLAGS_DEBUG
CMAKE_MODULE_LINKER_FLAGS_DEBUG-ADVANCED:INTERNAL=1
//ADVANCED property for variable: CMAKE_MODULE_LINKER_FLAGS_MINSIZEREL
CMAKE_MODULE_LINKER_FLAGS_MINSIZEREL-ADVANCED:INTERNAL=1
//ADVANCED property for variable: CMAKE_MODULE_LINKER_FLAGS_RELEASE
CMAKE_MODULE_LINKER_FLAGS_RELEASE-ADVANCED:INTERNAL=1
//ADVANCED property for variable: CMAKE_MODULE_LINKER_FLAGS_RELWITHDEBINFO
CMAKE_MODULE_LINKER_FLAGS_RELWITHDEBINFO-ADVANCED:INTERNAL=1
//ADVANCED property for variable: CMAKE_NM
CMAKE_NM-ADVANCED:INTERNAL=1
//number of local generators
CMAKE_NUMBER_OF_MAKEFILES:INTERNAL=2
//ADVANCED property for variable: CMAKE_OBJCOPY
CMAKE_OBJCOPY-ADVANCED:INTERNAL=1
//ADVANCED property for variable: CMAKE_OBJDUMP
CMAKE_OBJDUMP-ADVANCED:INTERNAL=1
//Platform information initialized
CMAKE_PLATFORM_INFO_INITIALIZED:INTERNAL=1
//ADVANCED property for variable: CMAKE_RANLIB
CMAKE_RANLIB-ADVANCED:INTERNAL=1
//ADVANCED property for variable: CMAKE_READELF
CMAKE_READELF-ADVANCED:INTERNAL=1
//Path to CMake installation.
CMAKE_ROOT:INTERNAL=/usr/local/share/cmake-3.31
//ADVANCED property for variable: CMAKE_SHARED_LINKER_FLAGS
CMAKE_SHARED_LINKER_FLAGS-ADVANCED:INTERNAL=1
//ADVANCED property for variable: CMAKE_SHARED_LINKER_FLAGS_DEBUG
CMAKE_SHARED_LINKER_FLAGS_DEBUG-ADVANCED:INTERNAL=1
//ADVANCED property for variable: CMAKE_SHARED_LINKER_FLAGS_MINSIZEREL
CMAKE_SHARED_LINKER_FLAGS_MINSIZEREL-ADVANCED:INTERNAL=1
//ADVANCED property for variable: CMAKE_SHARED_LINKER_FLAGS_RELEASE
CMAKE_SHARED_LINKER_FLAGS_RELEASE-ADVANCED:INTERNAL=1
//ADVANCED property for variable: CMAKE_SHARED_LINKER_FLAGS_RELWITHDEBINFO
CMAKE_SHARED_LINKER_FLAGS_RELWITHDEBINFO-ADVANCED:INTERNAL=1
//ADVANCED property for variable: CMAKE_SKIP_INSTALL_RPATH
CMAKE_SKIP_INSTALL_RPATH-ADVANCED:INTERNAL=1
//ADVANCED property for variable: CMAKE_SKIP_RPATH
CMAKE_SKIP_RPATH-ADVANCED:INTERNAL=1
//ADVANCED property for variable: CMAKE_STATIC_LINKER_FLAGS
CMAKE_STATIC_LINKER_FLAGS-ADVANCED:INTERNAL=1
//ADVANCED property for variable: CMAKE_STATIC_LINKER_FLAGS_DEBUG
CMAKE_STATIC_LINKER_FLAGS_DEBUG-ADVANCED:INTERNAL=1
//ADVANCED property for variable: CMAKE_STATIC_LINKER_FLAGS_MINSIZEREL
CMAKE_STATIC_LINKER_FLAGS_MINSIZEREL-ADVANCED:INTERNAL=1
//ADVANCED property for variable: CMAKE_STATIC_LINKER_FLAGS_RELEASE
CMAKE_STATIC_LINKER_FLAGS_RELEASE-ADVANCED:INTERNAL=1
//ADVANCED property for variable: CMAKE_STATIC_LINKER_FLAGS_RELWITHDEBINFO
CMAKE_STATIC_LINKER_FLAGS_RELWITHDEBINFO-ADVANCED:INTERNAL=1
//ADVANCED property for variable: CMAKE_STRIP
CMAKE_STRIP-ADVANCED:INTERNAL=1
//ADVANCED property for variable: CMAKE_TAPI
CMAKE_TAPI-ADVANCED:INTERNAL=1
//uname command
CMAKE_UNAME:INTERNAL=/usr/bin/uname
//ADVANCED property for variable: CMAKE_VERBOSE_MAKEFILE
CMAKE_VERBOSE_MAKEFILE-ADVANCED:INTERNAL=1
//Details about finding PYTHON
FIND_PACKAGE_MESSAGE_DETAILS_PYTHON:INTERNAL=/opt/hostedtoolcache/Python/3.11.13/x64/python3.11.13
//Details about finding Protobuf
FIND_PACKAGE_MESSAGE_DETAILS_Protobuf:INTERNAL=[/usr/lib/x86_64-linux-gnu/libprotobuf.a][/usr/include][v4.25.1()]
//Details about finding Python3
FIND_PACKAGE_MESSAGE_DETAILS_Python3:INTERNAL=[/opt/hostedtoolcache/Python/3.11.13/x64/bin/python3][/opt/hostedtoolcache/Python/3.11.13/x64/include/python3.11][cfound components: Interpreter Development.Module ][v3.11.13()]
//Details about finding PythonInterp
FIND_PACKAGE_MESSAGE_DETAILS_PythonInterp:INTERNAL=[/opt/hostedtoolcache/Python/3.11.13/x64/python][v3.11.13(3.7)]
//Details about finding Threads
FIND_PACKAGE_MESSAGE_DETAILS_Threads:INTERNAL=[TRUE][v()]
//Test HAS_FLTO
HAS_FLTO:INTERNAL=1
PYBIND11_INCLUDE_DIR:INTERNAL=/home/runner/work/onnx/onnx/.setuptools-cmake-build/_deps/pybind11-src/include
//ADVANCED property for variable: PYTHON_EXECUTABLE
PYTHON_EXECUTABLE-ADVANCED:INTERNAL=1
PYTHON_INCLUDE_DIRS:INTERNAL=/opt/hostedtoolcache/Python/3.11.13/x64/include/python3.11
PYTHON_IS_DEBUG:INTERNAL=0
PYTHON_LIBRARIES:INTERNAL=/opt/hostedtoolcache/Python/3.11.13/x64/lib/libpython3.11.so
//ADVANCED property for variable: PYTHON_LIBRARY
PYTHON_LIBRARY-ADVANCED:INTERNAL=1
PYTHON_MODULE_DEBUG_POSTFIX:INTERNAL=
PYTHON_MODULE_EXTENSION:INTERNAL=.cpython-311-x86_64-linux-gnu.so
PYTHON_MODULE_PREFIX:INTERNAL=
PYTHON_VERSION:INTERNAL=3.11.13
PYTHON_VERSION_MAJOR:INTERNAL=3
PYTHON_VERSION_MINOR:INTERNAL=11
//ADVANCED property for variable: Protobuf_INCLUDE_DIR
Protobuf_INCLUDE_DIR-ADVANCED:INTERNAL=1
//ADVANCED property for variable: Protobuf_LIBRARY_DEBUG
Protobuf_LIBRARY_DEBUG-ADVANCED:INTERNAL=1
//ADVANCED property for variable: Protobuf_LIBRARY_RELEASE
Protobuf_LIBRARY_RELEASE-ADVANCED:INTERNAL=1
//ADVANCED property for variable: Protobuf_LITE_LIBRARY_DEBUG
Protobuf_LITE_LIBRARY_DEBUG-ADVANCED:INTERNAL=1
//ADVANCED property for variable: Protobuf_LITE_LIBRARY_RELEASE
Protobuf_LITE_LIBRARY_RELEASE-ADVANCED:INTERNAL=1
//ADVANCED property for variable: Protobuf_PROTOC_EXECUTABLE
Protobuf_PROTOC_EXECUTABLE-ADVANCED:INTERNAL=1
//ADVANCED property for variable: Protobuf_PROTOC_LIBRARY_DEBUG
Protobuf_PROTOC_LIBRARY_DEBUG-ADVANCED:INTERNAL=1
//ADVANCED property for variable: Protobuf_PROTOC_LIBRARY_RELEASE
Protobuf_PROTOC_LIBRARY_RELEASE-ADVANCED:INTERNAL=1
Python_ADDITIONAL_VERSIONS:INTERNAL=3.12;3.11;3.10;3.9;3.8;3.7
//linker supports push/pop state
_CMAKE_CXX_LINKER_PUSHPOP_STATE_SUPPORTED:INTERNAL=TRUE
//linker supports push/pop state
_CMAKE_LINKER_PUSHPOP_STATE_SUPPORTED:INTERNAL=TRUE
//CMAKE_INSTALL_PREFIX during last run
_GNUInstallDirs_LAST_CMAKE_INSTALL_PREFIX:INTERNAL=/usr/local
_PYBIND11_CROSSCOMPILING:INTERNAL=OFF
_Python:INTERNAL=PYTHON
//Compiler reason failure
_Python3_Compiler_REASON_FAILURE:INTERNAL=
_Python3_DEVELOPMENT_MODULE_SIGNATURE:INTERNAL=1fa5a371088306d3a1dd3900abd34921
//Development reason failure
_Python3_Development_REASON_FAILURE:INTERNAL=
_Python3_EXECUTABLE:INTERNAL=/opt/hostedtoolcache/Python/3.11.13/x64/bin/python3
//Path to a file.
_Python3_INCLUDE_DIR:INTERNAL=/opt/hostedtoolcache/Python/3.11.13/x64/include/python3.11
//Python3 Properties
_Python3_INTERPRETER_PROPERTIES:INTERNAL=Python;3;11;13;64;<none>;cpython-311-x86_64-linux-gnu;abi3;/opt/hostedtoolcache/Python/3.11.13/x64/lib/python3.11;/opt/hostedtoolcache/Python/3.11.13/x64/lib/python3.11;/opt/hostedtoolcache/Python/3.11.13/x64/lib/python3.11/site-packages;/opt/hostedtoolcache/Python/3.11.13/x64/lib/python3.11/site-packages
_Python3_INTERPRETER_SIGNATURE:INTERNAL=9676b6e49f4bca98a4c1e336206e8c74
//NumPy reason failure
_Python3_NumPy_REASON_FAILURE:INTERNAL=
//True if pybind11 and all required components found on the system
pybind11_FOUND:INTERNAL=TRUE
//Directory where pybind11 headers are located
pybind11_INCLUDE_DIR:INTERNAL=/home/runner/work/onnx/onnx/.setuptools-cmake-build/_deps/pybind11-src/include
//Directories where pybind11 and possibly Python headers are located
pybind11_INCLUDE_DIRS:INTERNAL=/home/runner/work/onnx/onnx/.setuptools-cmake-build/_deps/pybind11-src/include;/opt/hostedtoolcache/Python/3.11.13/x64/include/python3.11

